Using pre-set license
Built from '2021.3/staging' branch; Version is '2021.3.11f1 (0a5ca18544bf) revision 679073'; Using compiler version '192829333'; Build Type 'Release'
OS: 'Windows 10  (10.0.19044) 64bit Professional' Language: 'en' Physical Memory: 12198 MB
BatchMode: 1, IsHumanControllingUs: 0, StartBugReporterOnCrash: 0, Is64bit: 1, IsPro: 1

COMMAND LINE ARGUMENTS:
C:\Program Files\Unity\Hub\Editor\2021.3.11f1\Editor\Unity.exe
-adb2
-batchMode
-noUpm
-name
AssetImportWorker0
-projectPath
C:/Users/Bakhtiar Laghari/CG_Project
-logFile
Logs/AssetImportWorker0.log
-srvPort
52389
Successfully changed project path to: C:/Users/Bakhtiar Laghari/CG_Project
C:/Users/Bakhtiar Laghari/CG_Project
[UnityMemory] Configuration Parameters - Can be set up in boot.config
    "memorysetup-bucket-allocator-granularity=16"
    "memorysetup-bucket-allocator-bucket-count=8"
    "memorysetup-bucket-allocator-block-size=33554432"
    "memorysetup-bucket-allocator-block-count=8"
    "memorysetup-main-allocator-block-size=16777216"
    "memorysetup-thread-allocator-block-size=16777216"
    "memorysetup-gfx-main-allocator-block-size=16777216"
    "memorysetup-gfx-thread-allocator-block-size=16777216"
    "memorysetup-cache-allocator-block-size=4194304"
    "memorysetup-typetree-allocator-block-size=2097152"
    "memorysetup-profiler-bucket-allocator-granularity=16"
    "memorysetup-profiler-bucket-allocator-bucket-count=8"
    "memorysetup-profiler-bucket-allocator-block-size=33554432"
    "memorysetup-profiler-bucket-allocator-block-count=8"
    "memorysetup-profiler-allocator-block-size=16777216"
    "memorysetup-profiler-editor-allocator-block-size=1048576"
    "memorysetup-temp-allocator-size-main=16777216"
    "memorysetup-job-temp-allocator-block-size=2097152"
    "memorysetup-job-temp-allocator-block-size-background=1048576"
    "memorysetup-job-temp-allocator-reduction-small-platforms=262144"
    "memorysetup-temp-allocator-size-background-worker=32768"
    "memorysetup-temp-allocator-size-job-worker=262144"
    "memorysetup-temp-allocator-size-preload-manager=33554432"
    "memorysetup-temp-allocator-size-nav-mesh-worker=65536"
    "memorysetup-temp-allocator-size-audio-worker=65536"
    "memorysetup-temp-allocator-size-cloud-worker=32768"
    "memorysetup-temp-allocator-size-gi-baking-worker=262144"
    "memorysetup-temp-allocator-size-gfx=262144"
Refreshing native plugins compatible for Editor in 138.84 ms, found 3 plugins.
Preloading 0 native plugins for Editor in 0.00 ms.
Initialize engine version: 2021.3.11f1 (0a5ca18544bf)
[Subsystems] Discovering subsystems at path C:/Program Files/Unity/Hub/Editor/2021.3.11f1/Editor/Data/Resources/UnitySubsystems
[Subsystems] Discovering subsystems at path C:/Users/Bakhtiar Laghari/CG_Project/Assets
GfxDevice: creating device client; threaded=0; jobified=0
Direct3D:
    Version:  Direct3D 11.0 [level 11.1]
    Renderer: Intel(R) HD Graphics 5500 (ID=0x1616)
    Vendor:   Intel
    VRAM:     6099 MB
    Driver:   20.19.15.4835
Initialize mono
Mono path[0] = 'C:/Program Files/Unity/Hub/Editor/2021.3.11f1/Editor/Data/Managed'
Mono path[1] = 'C:/Program Files/Unity/Hub/Editor/2021.3.11f1/Editor/Data/MonoBleedingEdge/lib/mono/unityjit-win32'
Mono config path = 'C:/Program Files/Unity/Hub/Editor/2021.3.11f1/Editor/Data/MonoBleedingEdge/etc'
Using monoOptions --debugger-agent=transport=dt_socket,embedding=1,server=y,suspend=n,address=127.0.0.1:56540
Begin MonoManager ReloadAssembly
Registering precompiled unity dll's ...
Register platform support module: C:/Program Files/Unity/Hub/Editor/2021.3.11f1/Editor/Data/PlaybackEngines/AndroidPlayer/UnityEditor.Android.Extensions.dll
Register platform support module: C:/Program Files/Unity/Hub/Editor/2021.3.11f1/Editor/Data/PlaybackEngines/iOSSupport/UnityEditor.iOS.Extensions.dll
Register platform support module: C:/Program Files/Unity/Hub/Editor/2021.3.11f1/Editor/Data/PlaybackEngines/WindowsStandaloneSupport/UnityEditor.WindowsStandalone.Extensions.dll
Registered in 0.016528 seconds.
Native extension for WindowsStandalone target not found
[usbmuxd] Start listen thread
[usbmuxd] Listen thread started
Native extension for iOS target not found
Native extension for Android target not found
Refreshing native plugins compatible for Editor in 126.75 ms, found 3 plugins.
Preloading 0 native plugins for Editor in 0.00 ms.
Mono: successfully reloaded assembly
- Completed reload, in  1.356 seconds
Domain Reload Profiling:
	ReloadAssembly (1356ms)
		BeginReloadAssembly (201ms)
			ExecutionOrderSort (0ms)
			DisableScriptedObjects (0ms)
			BackupInstance (0ms)
			ReleaseScriptingObjects (0ms)
			CreateAndSetChildDomain (2ms)
		EndReloadAssembly (902ms)
			LoadAssemblies (196ms)
			RebuildTransferFunctionScriptingTraits (0ms)
			SetupTypeCache (180ms)
			ReleaseScriptCaches (0ms)
			RebuildScriptCaches (48ms)
			SetupLoadedEditorAssemblies (594ms)
				LogAssemblyErrors (0ms)
				InitializePlatformSupportModulesInManaged (128ms)
				SetLoadedEditorAssemblies (0ms)
				RefreshPlugins (127ms)
				BeforeProcessingInitializeOnLoad (2ms)
				ProcessInitializeOnLoadAttributes (226ms)
				ProcessInitializeOnLoadMethodAttributes (111ms)
				AfterProcessingInitializeOnLoad (0ms)
				EditorAssembliesLoaded (0ms)
			ExecutionOrderSort2 (0ms)
			AwakeInstancesAfterBackupRestoration (0ms)
Platform modules already initialized, skipping
Registering precompiled user dll's ...
Registered in 0.011710 seconds.
Begin MonoManager ReloadAssembly
Symbol file LoadedFromMemory doesn't match image C:\Users\Bakhtiar Laghari\CG_Project\Library\PackageCache\com.unity.visualscripting@1.7.8\Editor\VisualScripting.Core\Dependencies\YamlDotNet\Unity.VisualScripting.YamlDotNet.dll
Symbol file LoadedFromMemory doesn't match image C:\Users\Bakhtiar Laghari\CG_Project\Library\PackageCache\com.unity.visualscripting@1.7.8\Editor\VisualScripting.Core\Dependencies\DotNetZip\Unity.VisualScripting.IonicZip.dll
Native extension for WindowsStandalone target not found
Native extension for iOS target not found
Native extension for Android target not found
Refreshing native plugins compatible for Editor in 0.81 ms, found 3 plugins.
Preloading 0 native plugins for Editor in 0.00 ms.
Mono: successfully reloaded assembly
- Completed reload, in  1.865 seconds
Domain Reload Profiling:
	ReloadAssembly (1866ms)
		BeginReloadAssembly (304ms)
			ExecutionOrderSort (0ms)
			DisableScriptedObjects (15ms)
			BackupInstance (0ms)
			ReleaseScriptingObjects (0ms)
			CreateAndSetChildDomain (143ms)
		EndReloadAssembly (1334ms)
			LoadAssemblies (138ms)
			RebuildTransferFunctionScriptingTraits (0ms)
			SetupTypeCache (467ms)
			ReleaseScriptCaches (1ms)
			RebuildScriptCaches (81ms)
			SetupLoadedEditorAssemblies (592ms)
				LogAssemblyErrors (0ms)
				InitializePlatformSupportModulesInManaged (41ms)
				SetLoadedEditorAssemblies (1ms)
				RefreshPlugins (1ms)
				BeforeProcessingInitializeOnLoad (137ms)
				ProcessInitializeOnLoadAttributes (348ms)
				ProcessInitializeOnLoadMethodAttributes (51ms)
				AfterProcessingInitializeOnLoad (13ms)
				EditorAssembliesLoaded (0ms)
			ExecutionOrderSort2 (0ms)
			AwakeInstancesAfterBackupRestoration (9ms)
Platform modules already initialized, skipping
========================================================================
Worker process is ready to serve import requests
Launched and connected shader compiler UnityShaderCompiler.exe after 0.07 seconds
Refreshing native plugins compatible for Editor in 1.28 ms, found 3 plugins.
Preloading 0 native plugins for Editor in 0.00 ms.
Unloading 3380 Unused Serialized files (Serialized files now loaded: 0)
Unloading 27 unused Assets / (113.4 KB). Loaded Objects now: 3839.
Memory consumption went from 116.1 MB to 116.0 MB.
Total: 4.691100 ms (FindLiveObjects: 0.352200 ms CreateObjectMapping: 0.346000 ms MarkObjects: 3.847200 ms  DeleteObjects: 0.134800 ms)

AssetImportParameters requested are different than current active one (requested -> active):
  custom:video-decoder-ogg-theora: a1e56fd34408186e4bbccfd4996cb3dc -> 
  custom:container-muxer-webm: aa71ff27fc2769a1b78a27578f13a17b -> 
  custom:container-demuxer-webm: 4f35f7cbe854078d1ac9338744f61a02 -> 
  custom:video-encoder-webm-vp8: eb34c28f22e8b96e1ab97ce403110664 -> 
  custom:audio-encoder-webm-vorbis: bf7c407c2cedff20999df2af8eb42d56 -> 
  custom:framework-win-MediaFoundation: 216162199b28c13a410421893ffa2e32 -> 
  custom:container-demuxer-ogg: 62fdf1f143b41e24485cea50d1cbac27 -> 
  custom:video-decoder-webm-vp8: 9c59270c3fd7afecdb556c50c9e8de78 -> 
  custom:audio-decoder-ogg-vorbis: bf7c407c2cedff20999df2af8eb42d56 -> 
========================================================================
Received Import Request.
  Time since last request: 256111.227727 seconds.
  path: Assets
  artifactKey: Guid(00000000000000001000000000000000) Importer(815301076,1909f56bfc062723c751e8b465ee728b)
Start importing Assets using Guid(00000000000000001000000000000000) Importer(815301076,1909f56bfc062723c751e8b465ee728b)  -> (artifact id: '79842766b460edbeab6a34051e857a80') in 0.014890 seconds 
========================================================================
Received Import Request.
  Time since last request: 7.665998 seconds.
  path: Assets/Obstacles
  artifactKey: Guid(46eb37fc46e737e4f86980057812c64e) Importer(815301076,1909f56bfc062723c751e8b465ee728b)
Start importing Assets/Obstacles using Guid(46eb37fc46e737e4f86980057812c64e) Importer(815301076,1909f56bfc062723c751e8b465ee728b)  -> (artifact id: '9c3c2899a56f0d0898698682cf0e5916') in 0.016391 seconds 
========================================================================
Received Import Request.
  Time since last request: 73.891082 seconds.
  path: Assets/EnvironmentAsset
  artifactKey: Guid(8c93218db622a904180427583b57e242) Importer(815301076,1909f56bfc062723c751e8b465ee728b)
Start importing Assets/EnvironmentAsset using Guid(8c93218db622a904180427583b57e242) Importer(815301076,1909f56bfc062723c751e8b465ee728b)  -> (artifact id: '18a07006ba06fd8e7dfd16435aa62a9d') in 0.018135 seconds 
========================================================================
Received Import Request.
  Time since last request: 144.754250 seconds.
  path: Assets/ModelAnimations
  artifactKey: Guid(b20ca820df7ae3d47ad646e526355920) Importer(815301076,1909f56bfc062723c751e8b465ee728b)
Start importing Assets/ModelAnimations using Guid(b20ca820df7ae3d47ad646e526355920) Importer(815301076,1909f56bfc062723c751e8b465ee728b)  -> (artifact id: '0b5ea09558d21eaa111db7f2e6be46f9') in 0.017097 seconds 
========================================================================
Received Import Request.
  Time since last request: 63.910893 seconds.
  path: Assets/ModelAnimations/Dive_Roll.blend
  artifactKey: Guid(93219ec9e8b12b64dbf7190447086a73) Importer(815301076,1909f56bfc062723c751e8b465ee728b)
Start importing Assets/ModelAnimations/Dive_Roll.blend using Guid(93219ec9e8b12b64dbf7190447086a73) Importer(815301076,1909f56bfc062723c751e8b465ee728b)  -> (artifact id: 'fe37784ad3ca67f09c5a095c688f04f8') in 0.803781 seconds 
========================================================================
Received Import Request.
  Time since last request: 0.000075 seconds.
  path: Assets/ModelAnimations/Running.blend
  artifactKey: Guid(b0865abda07acea42986ccab5825f8df) Importer(815301076,1909f56bfc062723c751e8b465ee728b)
Start importing Assets/ModelAnimations/Running.blend using Guid(b0865abda07acea42986ccab5825f8df) Importer(815301076,1909f56bfc062723c751e8b465ee728b)  -> (artifact id: '83bb120e6576e9dbf62b7b45fab4c4d8') in 0.074253 seconds 
========================================================================
Received Import Request.
  Time since last request: 0.000049 seconds.
  path: Assets/ModelAnimations/Running_Jump.blend
  artifactKey: Guid(2c329bc12c44de5438f676d18eb6f959) Importer(815301076,1909f56bfc062723c751e8b465ee728b)
Start importing Assets/ModelAnimations/Running_Jump.blend using Guid(2c329bc12c44de5438f676d18eb6f959) Importer(815301076,1909f56bfc062723c751e8b465ee728b)  -> (artifact id: 'd06c57d70e8adbe0799a1a1f29204cd2') in 0.091881 seconds 
========================================================================
Received Import Request.
  Time since last request: 0.000044 seconds.
  path: Assets/ModelAnimations/Sprint_Turn.blend
  artifactKey: Guid(d6b12216620a2474db86165dac95f08c) Importer(815301076,1909f56bfc062723c751e8b465ee728b)
Start importing Assets/ModelAnimations/Sprint_Turn.blend using Guid(d6b12216620a2474db86165dac95f08c) Importer(815301076,1909f56bfc062723c751e8b465ee728b)  -> (artifact id: '355914f922828d41c35ba1e6f7b59680') in 0.079686 seconds 
========================================================================
Received Import Request.
  Time since last request: 0.000084 seconds.
  path: Assets/ModelAnimations/Sprint_Turn_Left.blend
  artifactKey: Guid(649aadca6593dc74fbc6261f9d05969c) Importer(815301076,1909f56bfc062723c751e8b465ee728b)
Start importing Assets/ModelAnimations/Sprint_Turn_Left.blend using Guid(649aadca6593dc74fbc6261f9d05969c) Importer(815301076,1909f56bfc062723c751e8b465ee728b)  -> (artifact id: '5d8590d5349138f035c0aa56a512b578') in 0.081736 seconds 
========================================================================
Received Import Request.
  Time since last request: 46.106006 seconds.
  path: Assets/ModelAnimations/BlenderFiles
  artifactKey: Guid(56d90e4f62a35d6409909883aa9f5e44) Importer(815301076,1909f56bfc062723c751e8b465ee728b)
Start importing Assets/ModelAnimations/BlenderFiles using Guid(56d90e4f62a35d6409909883aa9f5e44) Importer(815301076,1909f56bfc062723c751e8b465ee728b)  -> (artifact id: 'b765022b75deab922867e2ec41c0b131') in 0.013808 seconds 
========================================================================
Received Import Request.
  Time since last request: 26.257557 seconds.
  path: Assets/ModelAnimations/Models
  artifactKey: Guid(578de34d849647e46bb49c880005b1cf) Importer(815301076,1909f56bfc062723c751e8b465ee728b)
Start importing Assets/ModelAnimations/Models using Guid(578de34d849647e46bb49c880005b1cf) Importer(815301076,1909f56bfc062723c751e8b465ee728b)  -> (artifact id: '84af3839e00081476bdc629d1bef41bf') in 0.016854 seconds 
========================================================================
Received Import Request.
  Time since last request: 13.777430 seconds.
  path: Assets/ModelAnimations/Models/Dive_Roll.fbx
  artifactKey: Guid(a08f9a758a4ddc84693d4c062370eeeb) Importer(815301076,1909f56bfc062723c751e8b465ee728b)
Start importing Assets/ModelAnimations/Models/Dive_Roll.fbx using Guid(a08f9a758a4ddc84693d4c062370eeeb) Importer(815301076,1909f56bfc062723c751e8b465ee728b)  -> (artifact id: '48d707ff28f074b303a7f3368775367c') in 0.178925 seconds 
========================================================================
Received Import Request.
  Time since last request: 0.000040 seconds.
  path: Assets/ModelAnimations/Models/Sprint_Turn_Left.fbx
  artifactKey: Guid(889967f9a58f31c439cb259a6648a0c5) Importer(815301076,1909f56bfc062723c751e8b465ee728b)
Start importing Assets/ModelAnimations/Models/Sprint_Turn_Left.fbx using Guid(889967f9a58f31c439cb259a6648a0c5) Importer(815301076,1909f56bfc062723c751e8b465ee728b)  -> (artifact id: '3fdfa1e6560fe67dfe803f5275b22463') in 0.081211 seconds 
========================================================================
Received Import Request.
  Time since last request: 0.000097 seconds.
  path: Assets/ModelAnimations/Models/Running.fbx
  artifactKey: Guid(e93ec44f289a71849b7bac7420ecf57d) Importer(815301076,1909f56bfc062723c751e8b465ee728b)
Start importing Assets/ModelAnimations/Models/Running.fbx using Guid(e93ec44f289a71849b7bac7420ecf57d) Importer(815301076,1909f56bfc062723c751e8b465ee728b)  -> (artifact id: '58dc011c347e4a02b7b41179fc75c99b') in 0.083975 seconds 
========================================================================
Received Import Request.
  Time since last request: 0.000030 seconds.
  path: Assets/ModelAnimations/Models/Sprint_Turn.fbx
  artifactKey: Guid(ee6527a002b06214ea5fa5bb99d127ce) Importer(815301076,1909f56bfc062723c751e8b465ee728b)
Start importing Assets/ModelAnimations/Models/Sprint_Turn.fbx using Guid(ee6527a002b06214ea5fa5bb99d127ce) Importer(815301076,1909f56bfc062723c751e8b465ee728b)  -> (artifact id: '1d9ebc9d722303cca07cd680e80e3ef0') in 0.085448 seconds 
========================================================================
Received Import Request.
  Time since last request: 0.000092 seconds.
  path: Assets/ModelAnimations/Models/Running_Jump.fbx
  artifactKey: Guid(3f5b1c75cabafc24496a9b73d8f7eb5a) Importer(815301076,1909f56bfc062723c751e8b465ee728b)
Start importing Assets/ModelAnimations/Models/Running_Jump.fbx using Guid(3f5b1c75cabafc24496a9b73d8f7eb5a) Importer(815301076,1909f56bfc062723c751e8b465ee728b)  -> (artifact id: 'ffe5974c3628c23071388fa77955ef88') in 0.082337 seconds 
========================================================================
Received Import Request.
  Time since last request: 765.499731 seconds.
  path: Assets/Prefabs
  artifactKey: Guid(c67927aa1895bcc4cba276d0deef76ec) Importer(815301076,1909f56bfc062723c751e8b465ee728b)
Start importing Assets/Prefabs using Guid(c67927aa1895bcc4cba276d0deef76ec) Importer(815301076,1909f56bfc062723c751e8b465ee728b)  -> (artifact id: '3079c5e6c3fadd4bcccaddd39b0c784a') in 0.015539 seconds 
========================================================================
Received Import Request.
  Time since last request: 8.843241 seconds.
  path: Assets/Scripts
  artifactKey: Guid(4f4c39fdb6ad5e547886b9b062ce412b) Importer(815301076,1909f56bfc062723c751e8b465ee728b)
Start importing Assets/Scripts using Guid(4f4c39fdb6ad5e547886b9b062ce412b) Importer(815301076,1909f56bfc062723c751e8b465ee728b)  -> (artifact id: 'f43808e9d5da0a7ca803bdfbb2d708ba') in 0.013181 seconds 
========================================================================
Received Import Request.
  Time since last request: 107.889511 seconds.
  path: Assets/Scenes
  artifactKey: Guid(6ea315d0fd7389c41b19996891e99ae3) Importer(815301076,1909f56bfc062723c751e8b465ee728b)
Start importing Assets/Scenes using Guid(6ea315d0fd7389c41b19996891e99ae3) Importer(815301076,1909f56bfc062723c751e8b465ee728b)  -> (artifact id: 'b8193726cff86800c54781cdc6d54904') in 0.016314 seconds 
========================================================================
Received Import Request.
  Time since last request: 14.437219 seconds.
  path: Assets/Scenes/Level01.unity
  artifactKey: Guid(e91d90a48fa4b3347adaec4b890771a0) Importer(815301076,1909f56bfc062723c751e8b465ee728b)
Start importing Assets/Scenes/Level01.unity using Guid(e91d90a48fa4b3347adaec4b890771a0) Importer(815301076,1909f56bfc062723c751e8b465ee728b)  -> (artifact id: '4d27d331a46c492d419cc36421210cc2') in 0.013942 seconds 
========================================================================
Received Import Request.
  Time since last request: 165.808127 seconds.
  path: Assets/EnvironmentAsset/RPGPP_LT
  artifactKey: Guid(447cb68bc2c836f4cb855854817497b4) Importer(815301076,1909f56bfc062723c751e8b465ee728b)
Start importing Assets/EnvironmentAsset/RPGPP_LT using Guid(447cb68bc2c836f4cb855854817497b4) Importer(815301076,1909f56bfc062723c751e8b465ee728b)  -> (artifact id: '33030a2bcbd5046e6fe470814987ab23') in 0.019034 seconds 
========================================================================
Received Import Request.
  Time since last request: 1.263267 seconds.
  path: Assets/EnvironmentAsset/RPGPP_LT/Prefabs
  artifactKey: Guid(5418b837466e9e540a4c9142c8646667) Importer(815301076,1909f56bfc062723c751e8b465ee728b)
Start importing Assets/EnvironmentAsset/RPGPP_LT/Prefabs using Guid(5418b837466e9e540a4c9142c8646667) Importer(815301076,1909f56bfc062723c751e8b465ee728b)  -> (artifact id: '982d465070578351ef5f8ccd008d36f4') in 0.005459 seconds 
========================================================================
Received Import Request.
  Time since last request: 2.529912 seconds.
  path: Assets/EnvironmentAsset/RPGPP_LT/Prefabs/Structures
  artifactKey: Guid(89fac321af2bad14eb25a5915717f85a) Importer(815301076,1909f56bfc062723c751e8b465ee728b)
Start importing Assets/EnvironmentAsset/RPGPP_LT/Prefabs/Structures using Guid(89fac321af2bad14eb25a5915717f85a) Importer(815301076,1909f56bfc062723c751e8b465ee728b)  -> (artifact id: 'c674999644f93313d7c1a2449cec909b') in 0.015023 seconds 
========================================================================
Received Import Request.
  Time since last request: 1.427778 seconds.
  path: Assets/EnvironmentAsset/RPGPP_LT/Prefabs/Structures/Parts
  artifactKey: Guid(5b7738eafaaea9f4ca3069d3dfbee10a) Importer(815301076,1909f56bfc062723c751e8b465ee728b)
Start importing Assets/EnvironmentAsset/RPGPP_LT/Prefabs/Structures/Parts using Guid(5b7738eafaaea9f4ca3069d3dfbee10a) Importer(815301076,1909f56bfc062723c751e8b465ee728b)  -> (artifact id: '44bff6b409b0535722aeed4e03350fe2') in 0.024046 seconds 
========================================================================
Received Import Request.
  Time since last request: 1.555195 seconds.
  path: Assets/EnvironmentAsset/RPGPP_LT/Prefabs/Structures/Parts/Wood_path
  artifactKey: Guid(922a8b08dfab11944b459f549979fcaa) Importer(815301076,1909f56bfc062723c751e8b465ee728b)
Start importing Assets/EnvironmentAsset/RPGPP_LT/Prefabs/Structures/Parts/Wood_path using Guid(922a8b08dfab11944b459f549979fcaa) Importer(815301076,1909f56bfc062723c751e8b465ee728b)  -> (artifact id: '1e7e378ba582044e91c4c9907244a804') in 0.020619 seconds 
========================================================================
Received Import Request.
  Time since last request: 0.594095 seconds.
  path: Assets/EnvironmentAsset/RPGPP_LT/Prefabs/Structures/Parts/Wood_path/rpgpp_lt_wood_path_01a.prefab
  artifactKey: Guid(c96016c34e7be62488e588470988ef5b) Importer(815301076,1909f56bfc062723c751e8b465ee728b)
Start importing Assets/EnvironmentAsset/RPGPP_LT/Prefabs/Structures/Parts/Wood_path/rpgpp_lt_wood_path_01a.prefab using Guid(c96016c34e7be62488e588470988ef5b) Importer(815301076,1909f56bfc062723c751e8b465ee728b)  -> (artifact id: '825a963a44864644a15f78c5afd1a621') in 0.030639 seconds 
========================================================================
Received Import Request.
  Time since last request: 0.000025 seconds.
  path: Assets/EnvironmentAsset/RPGPP_LT/Prefabs/Structures/Parts/Wood_path/rpgpp_lt_wood_path_01b.prefab
  artifactKey: Guid(0ba258545da721e488ecb71ffd143b6f) Importer(815301076,1909f56bfc062723c751e8b465ee728b)
Start importing Assets/EnvironmentAsset/RPGPP_LT/Prefabs/Structures/Parts/Wood_path/rpgpp_lt_wood_path_01b.prefab using Guid(0ba258545da721e488ecb71ffd143b6f) Importer(815301076,1909f56bfc062723c751e8b465ee728b)  -> (artifact id: '9210772e079061b58ab2926493dbfed1') in 0.058884 seconds 
========================================================================
Received Import Request.
  Time since last request: 12.937761 seconds.
  path: Assets/EnvironmentAsset/RPGPP_LT/Prefabs/Structures/Buildings
  artifactKey: Guid(40dd8cc9b6443a34fb7dd3c39d08074e) Importer(815301076,1909f56bfc062723c751e8b465ee728b)
Start importing Assets/EnvironmentAsset/RPGPP_LT/Prefabs/Structures/Buildings using Guid(40dd8cc9b6443a34fb7dd3c39d08074e) Importer(815301076,1909f56bfc062723c751e8b465ee728b)  -> (artifact id: 'ff27276f889de5016e3c4adbc9205898') in 0.014286 seconds 
========================================================================
Received Import Request.
  Time since last request: 0.832509 seconds.
  path: Assets/EnvironmentAsset/RPGPP_LT/Prefabs/Structures/Buildings/Bld_closed
  artifactKey: Guid(361af5be93a94d047835c7a3fc2e0f08) Importer(815301076,1909f56bfc062723c751e8b465ee728b)
Start importing Assets/EnvironmentAsset/RPGPP_LT/Prefabs/Structures/Buildings/Bld_closed using Guid(361af5be93a94d047835c7a3fc2e0f08) Importer(815301076,1909f56bfc062723c751e8b465ee728b)  -> (artifact id: '86e7a4a560c847473aac44e6fcea31a2') in 0.014533 seconds 
========================================================================
Received Import Request.
  Time since last request: 0.078033 seconds.
  path: Assets/EnvironmentAsset/RPGPP_LT/Prefabs/Structures/Buildings/Bld_closed/rpgpp_lt_building_01.prefab
  artifactKey: Guid(cd87e5026d1695148aabe96121c526ef) Importer(815301076,1909f56bfc062723c751e8b465ee728b)
Start importing Assets/EnvironmentAsset/RPGPP_LT/Prefabs/Structures/Buildings/Bld_closed/rpgpp_lt_building_01.prefab using Guid(cd87e5026d1695148aabe96121c526ef) Importer(815301076,1909f56bfc062723c751e8b465ee728b)  -> (artifact id: '172fe8273e7c8af03024226151bbbedb') in 0.025417 seconds 
========================================================================
Received Import Request.
  Time since last request: 0.000036 seconds.
  path: Assets/EnvironmentAsset/RPGPP_LT/Prefabs/Structures/Buildings/Bld_closed/rpgpp_lt_building_02.prefab
  artifactKey: Guid(2767c12992d890f44b14f433fe854668) Importer(815301076,1909f56bfc062723c751e8b465ee728b)
Start importing Assets/EnvironmentAsset/RPGPP_LT/Prefabs/Structures/Buildings/Bld_closed/rpgpp_lt_building_02.prefab using Guid(2767c12992d890f44b14f433fe854668) Importer(815301076,1909f56bfc062723c751e8b465ee728b)  -> (artifact id: '13269b43c92397117ed26376ddee9485') in 0.051895 seconds 
========================================================================
Received Import Request.
  Time since last request: 0.000047 seconds.
  path: Assets/EnvironmentAsset/RPGPP_LT/Prefabs/Structures/Buildings/Bld_closed/rpgpp_lt_building_03.prefab
  artifactKey: Guid(2b519101e10d4a74580d4c86ac9e03e6) Importer(815301076,1909f56bfc062723c751e8b465ee728b)
Start importing Assets/EnvironmentAsset/RPGPP_LT/Prefabs/Structures/Buildings/Bld_closed/rpgpp_lt_building_03.prefab using Guid(2b519101e10d4a74580d4c86ac9e03e6) Importer(815301076,1909f56bfc062723c751e8b465ee728b)  -> (artifact id: '2b11fe7d24182f2f5436aa9a71bbdbad') in 0.049392 seconds 
========================================================================
Received Import Request.
  Time since last request: 0.000046 seconds.
  path: Assets/EnvironmentAsset/RPGPP_LT/Prefabs/Structures/Buildings/Bld_closed/rpgpp_lt_building_04.prefab
  artifactKey: Guid(71442e8cd72511e4fabb72f1a2cc82dd) Importer(815301076,1909f56bfc062723c751e8b465ee728b)
Start importing Assets/EnvironmentAsset/RPGPP_LT/Prefabs/Structures/Buildings/Bld_closed/rpgpp_lt_building_04.prefab using Guid(71442e8cd72511e4fabb72f1a2cc82dd) Importer(815301076,1909f56bfc062723c751e8b465ee728b)  -> (artifact id: 'c311f6a06ca2dea4d014492e7d3161f4') in 0.045269 seconds 
========================================================================
Received Import Request.
  Time since last request: 0.000037 seconds.
  path: Assets/EnvironmentAsset/RPGPP_LT/Prefabs/Structures/Buildings/Bld_closed/rpgpp_lt_building_05.prefab
  artifactKey: Guid(386f40ad68cdd3c4fbcb471ef2d93772) Importer(815301076,1909f56bfc062723c751e8b465ee728b)
Start importing Assets/EnvironmentAsset/RPGPP_LT/Prefabs/Structures/Buildings/Bld_closed/rpgpp_lt_building_05.prefab using Guid(386f40ad68cdd3c4fbcb471ef2d93772) Importer(815301076,1909f56bfc062723c751e8b465ee728b)  -> (artifact id: 'ea5d79773cebdce5b1939ce872fa1203') in 0.050231 seconds 
========================================================================
Received Import Request.
  Time since last request: 4.492897 seconds.
  path: Assets/EnvironmentAsset/RPGPP_LT/Prefabs/Props
  artifactKey: Guid(4074df064ec1ac341a3d1ad54cefc56a) Importer(815301076,1909f56bfc062723c751e8b465ee728b)
Start importing Assets/EnvironmentAsset/RPGPP_LT/Prefabs/Props using Guid(4074df064ec1ac341a3d1ad54cefc56a) Importer(815301076,1909f56bfc062723c751e8b465ee728b)  -> (artifact id: '0d1e873f2e02c173441c676250bbd87c') in 0.015535 seconds 
========================================================================
Received Import Request.
  Time since last request: 3.669905 seconds.
  path: Assets/EnvironmentAsset/RPGPP_LT/Prefabs/Props/Wood
  artifactKey: Guid(02e35356e96446740bb0b519e7fd9289) Importer(815301076,1909f56bfc062723c751e8b465ee728b)
Start importing Assets/EnvironmentAsset/RPGPP_LT/Prefabs/Props/Wood using Guid(02e35356e96446740bb0b519e7fd9289) Importer(815301076,1909f56bfc062723c751e8b465ee728b)  -> (artifact id: '9c0d16cc270743ae0fa820ff837a9581') in 0.030015 seconds 
========================================================================
Received Import Request.
  Time since last request: 0.039415 seconds.
  path: Assets/EnvironmentAsset/RPGPP_LT/Prefabs/Props/Wood/rpgpp_lt_log_wood_01.prefab
  artifactKey: Guid(bbb972e8372282f4093c9484693385fd) Importer(815301076,1909f56bfc062723c751e8b465ee728b)
Start importing Assets/EnvironmentAsset/RPGPP_LT/Prefabs/Props/Wood/rpgpp_lt_log_wood_01.prefab using Guid(bbb972e8372282f4093c9484693385fd) Importer(815301076,1909f56bfc062723c751e8b465ee728b)  -> (artifact id: '8a76a0987593413efb2ec81b7f3af943') in 0.024313 seconds 
========================================================================
Received Import Request.
  Time since last request: 2.241527 seconds.
  path: Assets/EnvironmentAsset/RPGPP_LT/Prefabs/Nature
  artifactKey: Guid(caa53d26110620c4796425b9e20eb673) Importer(815301076,1909f56bfc062723c751e8b465ee728b)
Start importing Assets/EnvironmentAsset/RPGPP_LT/Prefabs/Nature using Guid(caa53d26110620c4796425b9e20eb673) Importer(815301076,1909f56bfc062723c751e8b465ee728b)  -> (artifact id: '917fdeeb5a95f7c4e9512ab88ec4c7fb') in 0.015939 seconds 
========================================================================
Received Import Request.
  Time since last request: 1.994900 seconds.
  path: Assets/EnvironmentAsset/RPGPP_LT/Prefabs/Nature/Terrain
  artifactKey: Guid(35a14bf03a52c0542aac7ef0d955d918) Importer(815301076,1909f56bfc062723c751e8b465ee728b)
Start importing Assets/EnvironmentAsset/RPGPP_LT/Prefabs/Nature/Terrain using Guid(35a14bf03a52c0542aac7ef0d955d918) Importer(815301076,1909f56bfc062723c751e8b465ee728b)  -> (artifact id: '88d223a8866a3b2640bfe5421e6432a1') in 0.012026 seconds 
========================================================================
Received Import Request.
  Time since last request: 0.065528 seconds.
  path: Assets/EnvironmentAsset/RPGPP_LT/Prefabs/Nature/Terrain/rpgpp_lt_hill_small_01.prefab
  artifactKey: Guid(5c9211eb71cff4f4996a21d92317f601) Importer(815301076,1909f56bfc062723c751e8b465ee728b)
Start importing Assets/EnvironmentAsset/RPGPP_LT/Prefabs/Nature/Terrain/rpgpp_lt_hill_small_01.prefab using Guid(5c9211eb71cff4f4996a21d92317f601) Importer(815301076,1909f56bfc062723c751e8b465ee728b)  -> (artifact id: '265c3cb6a39b5ab06a7e0d33b5522f15') in 0.023380 seconds 
========================================================================
Received Import Request.
  Time since last request: 0.000047 seconds.
  path: Assets/EnvironmentAsset/RPGPP_LT/Prefabs/Nature/Terrain/rpgpp_lt_terrain_path_01a.prefab
  artifactKey: Guid(a25996a7d0674de40a8273b54b50aa7b) Importer(815301076,1909f56bfc062723c751e8b465ee728b)
Start importing Assets/EnvironmentAsset/RPGPP_LT/Prefabs/Nature/Terrain/rpgpp_lt_terrain_path_01a.prefab using Guid(a25996a7d0674de40a8273b54b50aa7b) Importer(815301076,1909f56bfc062723c751e8b465ee728b)  -> (artifact id: 'a0b655fabf13374187c1b3451b6a4d3b') in 0.044427 seconds 
========================================================================
Received Import Request.
  Time since last request: 0.000034 seconds.
  path: Assets/EnvironmentAsset/RPGPP_LT/Prefabs/Nature/Terrain/rpgpp_lt_hill_small_02.prefab
  artifactKey: Guid(6dcae7204dd466c4c862bc640ea7c02e) Importer(815301076,1909f56bfc062723c751e8b465ee728b)
Start importing Assets/EnvironmentAsset/RPGPP_LT/Prefabs/Nature/Terrain/rpgpp_lt_hill_small_02.prefab using Guid(6dcae7204dd466c4c862bc640ea7c02e) Importer(815301076,1909f56bfc062723c751e8b465ee728b)  -> (artifact id: '3cb5e9ef2d3eae78847c97751bfba1da') in 0.053427 seconds 
========================================================================
Received Import Request.
  Time since last request: 0.000044 seconds.
  path: Assets/EnvironmentAsset/RPGPP_LT/Prefabs/Nature/Terrain/rpgpp_lt_terrain_sand_01.prefab
  artifactKey: Guid(e7489574cca6d4645a7019414b8288e8) Importer(815301076,1909f56bfc062723c751e8b465ee728b)
Start importing Assets/EnvironmentAsset/RPGPP_LT/Prefabs/Nature/Terrain/rpgpp_lt_terrain_sand_01.prefab using Guid(e7489574cca6d4645a7019414b8288e8) Importer(815301076,1909f56bfc062723c751e8b465ee728b)  -> (artifact id: '909beff3a384b1ced157aba1adc99e91') in 0.035047 seconds 
========================================================================
Received Import Request.
  Time since last request: 0.000040 seconds.
  path: Assets/EnvironmentAsset/RPGPP_LT/Prefabs/Nature/Terrain/rpgpp_lt_terrain_grass_01.prefab
  artifactKey: Guid(bdf8e7438a7816543998181bd3067573) Importer(815301076,1909f56bfc062723c751e8b465ee728b)
Start importing Assets/EnvironmentAsset/RPGPP_LT/Prefabs/Nature/Terrain/rpgpp_lt_terrain_grass_01.prefab using Guid(bdf8e7438a7816543998181bd3067573) Importer(815301076,1909f56bfc062723c751e8b465ee728b)  -> (artifact id: 'e0bf3eb43096c1815cfcfc6f11b0b63f') in 0.049096 seconds 
========================================================================
Received Import Request.
  Time since last request: 0.000049 seconds.
  path: Assets/EnvironmentAsset/RPGPP_LT/Prefabs/Nature/Terrain/rpgpp_lt_terrain_path_01b.prefab
  artifactKey: Guid(63ce2b31e16acab4d8a41f884c36333c) Importer(815301076,1909f56bfc062723c751e8b465ee728b)
Start importing Assets/EnvironmentAsset/RPGPP_LT/Prefabs/Nature/Terrain/rpgpp_lt_terrain_path_01b.prefab using Guid(63ce2b31e16acab4d8a41f884c36333c) Importer(815301076,1909f56bfc062723c751e8b465ee728b)  -> (artifact id: '90ea0894bfb6a411891a56216163d4bf') in 0.050393 seconds 
========================================================================
Received Import Request.
  Time since last request: 0.000046 seconds.
  path: Assets/EnvironmentAsset/RPGPP_LT/Prefabs/Nature/Terrain/rpgpp_lt_mountain_01.prefab
  artifactKey: Guid(9d200fbd47e9c7f45ad54450ebd25b94) Importer(815301076,1909f56bfc062723c751e8b465ee728b)
Start importing Assets/EnvironmentAsset/RPGPP_LT/Prefabs/Nature/Terrain/rpgpp_lt_mountain_01.prefab using Guid(9d200fbd47e9c7f45ad54450ebd25b94) Importer(815301076,1909f56bfc062723c751e8b465ee728b)  -> (artifact id: '803bd1fc81a406a152d8b0603e895695') in 0.052086 seconds 
========================================================================
Received Import Request.
  Time since last request: 0.000037 seconds.
  path: Assets/EnvironmentAsset/RPGPP_LT/Prefabs/Nature/Terrain/rpgpp_lt_terrain_grass_02.prefab
  artifactKey: Guid(68cbfa1438162b243ac02fb9e3e30581) Importer(815301076,1909f56bfc062723c751e8b465ee728b)
Start importing Assets/EnvironmentAsset/RPGPP_LT/Prefabs/Nature/Terrain/rpgpp_lt_terrain_grass_02.prefab using Guid(68cbfa1438162b243ac02fb9e3e30581) Importer(815301076,1909f56bfc062723c751e8b465ee728b)  -> (artifact id: '8998c116d082b95d08d7381ba986b013') in 0.050592 seconds 
========================================================================
Received Import Request.
  Time since last request: 50.844424 seconds.
  path: Assets/EnvironmentAsset/RPGPP_LT/Materials
  artifactKey: Guid(4d3b63fcb0486f848b58d507c8d70b9e) Importer(815301076,1909f56bfc062723c751e8b465ee728b)
Start importing Assets/EnvironmentAsset/RPGPP_LT/Materials using Guid(4d3b63fcb0486f848b58d507c8d70b9e) Importer(815301076,1909f56bfc062723c751e8b465ee728b)  -> (artifact id: 'b1c3714596ef1efe01aef92ac6d4e683') in 0.012990 seconds 
========================================================================
Received Import Request.
  Time since last request: 0.045438 seconds.
  path: Assets/EnvironmentAsset/RPGPP_LT/Materials/rpgpp_lt_cloud_a.mat
  artifactKey: Guid(434bfd6528d84e643ade0d2cd5c6fe1b) Importer(815301076,1909f56bfc062723c751e8b465ee728b)
Start importing Assets/EnvironmentAsset/RPGPP_LT/Materials/rpgpp_lt_cloud_a.mat using Guid(434bfd6528d84e643ade0d2cd5c6fe1b) Importer(815301076,1909f56bfc062723c751e8b465ee728b)  -> (artifact id: '4c6a86451cd44b34fcc812e3f68ba423') in 0.167389 seconds 
========================================================================
Received Import Request.
  Time since last request: 0.000033 seconds.
  path: Assets/EnvironmentAsset/RPGPP_LT/Materials/rpgpp_lt_sky_a.mat
  artifactKey: Guid(ff33af19770dd3e489f9c65e388009fe) Importer(815301076,1909f56bfc062723c751e8b465ee728b)
Start importing Assets/EnvironmentAsset/RPGPP_LT/Materials/rpgpp_lt_sky_a.mat using Guid(ff33af19770dd3e489f9c65e388009fe) Importer(815301076,1909f56bfc062723c751e8b465ee728b)  -> (artifact id: '9da7a494bde8242c9ea9808a18d4cf51') in 0.081915 seconds 
========================================================================
Received Import Request.
  Time since last request: 0.000047 seconds.
  path: Assets/EnvironmentAsset/RPGPP_LT/Materials/rpgpp_lt_mat_a.mat
  artifactKey: Guid(58d53420af384224ea4cfee8973d18cb) Importer(815301076,1909f56bfc062723c751e8b465ee728b)
Start importing Assets/EnvironmentAsset/RPGPP_LT/Materials/rpgpp_lt_mat_a.mat using Guid(58d53420af384224ea4cfee8973d18cb) Importer(815301076,1909f56bfc062723c751e8b465ee728b)  -> (artifact id: '6a4a4ef4bda82d15b34ca47a8d8915ab') in 0.062743 seconds 
========================================================================
Received Import Request.
  Time since last request: 7.749037 seconds.
  path: Assets/EnvironmentAsset/RPGPP_LT/Textures/rpgpp_lt_sky_a.tga
  artifactKey: Guid(5c4fa0e44769f8f46a06d96031e56a4e) Importer(815301076,1909f56bfc062723c751e8b465ee728b)
Start importing Assets/EnvironmentAsset/RPGPP_LT/Textures/rpgpp_lt_sky_a.tga using Guid(5c4fa0e44769f8f46a06d96031e56a4e) Importer(815301076,1909f56bfc062723c751e8b465ee728b)  -> (artifact id: 'dc527236fba7a90facc5b136d93dd585') in 0.055327 seconds 
========================================================================
Received Import Request.
  Time since last request: 14.727525 seconds.
  path: Assets/EnvironmentAsset/RPGPP_LT/Textures/rpgpp_lt_tex_a.tga
  artifactKey: Guid(0bb174f69c9851a48b09bf7d8180c39e) Importer(815301076,1909f56bfc062723c751e8b465ee728b)
Start importing Assets/EnvironmentAsset/RPGPP_LT/Textures/rpgpp_lt_tex_a.tga using Guid(0bb174f69c9851a48b09bf7d8180c39e) Importer(815301076,1909f56bfc062723c751e8b465ee728b)  -> (artifact id: '797ba2b49623a2f6c46c39b311fdeaf6') in 0.034597 seconds 
========================================================================
Received Import Request.
  Time since last request: 11.357739 seconds.
  path: Assets/EnvironmentAsset/RPGPP_LT/Models
  artifactKey: Guid(5895e5cef1e6ad9419b6d721edfe6754) Importer(815301076,1909f56bfc062723c751e8b465ee728b)
Start importing Assets/EnvironmentAsset/RPGPP_LT/Models using Guid(5895e5cef1e6ad9419b6d721edfe6754) Importer(815301076,1909f56bfc062723c751e8b465ee728b)  -> (artifact id: '8b144c46e1dbd72144c3771611e45e84') in 0.015284 seconds 
========================================================================
Received Import Request.
  Time since last request: 7.243571 seconds.
  path: Assets/EnvironmentAsset/RPGPP_LT/Models/Structures
  artifactKey: Guid(048df2a8bd38ba042971bbb442e597ba) Importer(815301076,1909f56bfc062723c751e8b465ee728b)
Start importing Assets/EnvironmentAsset/RPGPP_LT/Models/Structures using Guid(048df2a8bd38ba042971bbb442e597ba) Importer(815301076,1909f56bfc062723c751e8b465ee728b)  -> (artifact id: '768581c963a1b00bd5071dab9f8a7ef0') in 0.006722 seconds 
========================================================================
Received Import Request.
  Time since last request: 0.057075 seconds.
  path: Assets/EnvironmentAsset/RPGPP_LT/Models/Structures/rpgpp_lt_building_01.fbx
  artifactKey: Guid(af5390e2a0373984db3740f21c0ec034) Importer(815301076,1909f56bfc062723c751e8b465ee728b)
Start importing Assets/EnvironmentAsset/RPGPP_LT/Models/Structures/rpgpp_lt_building_01.fbx using Guid(af5390e2a0373984db3740f21c0ec034) Importer(815301076,1909f56bfc062723c751e8b465ee728b)  -> (artifact id: '366c0c52fbdf4af6e15059ea17c1b7f2') in 0.030891 seconds 
========================================================================
Received Import Request.
  Time since last request: 0.000030 seconds.
  path: Assets/EnvironmentAsset/RPGPP_LT/Models/Structures/rpgpp_lt_building_03.fbx
  artifactKey: Guid(52eeab1f0ce4d934591972b6df5d179b) Importer(815301076,1909f56bfc062723c751e8b465ee728b)
Start importing Assets/EnvironmentAsset/RPGPP_LT/Models/Structures/rpgpp_lt_building_03.fbx using Guid(52eeab1f0ce4d934591972b6df5d179b) Importer(815301076,1909f56bfc062723c751e8b465ee728b)  -> (artifact id: '55109676d9b4ccfa80d62ee20199a12e') in 0.057023 seconds 
========================================================================
Received Import Request.
  Time since last request: 0.000030 seconds.
  path: Assets/EnvironmentAsset/RPGPP_LT/Models/Structures/rpgpp_lt_building_04.fbx
  artifactKey: Guid(cc4034e4bb7d9cd418975561c7bcd316) Importer(815301076,1909f56bfc062723c751e8b465ee728b)
Start importing Assets/EnvironmentAsset/RPGPP_LT/Models/Structures/rpgpp_lt_building_04.fbx using Guid(cc4034e4bb7d9cd418975561c7bcd316) Importer(815301076,1909f56bfc062723c751e8b465ee728b)  -> (artifact id: 'd1ded1f32a32e8a391178f8798e101c1') in 0.056467 seconds 
========================================================================
Received Import Request.
  Time since last request: 0.000034 seconds.
  path: Assets/EnvironmentAsset/RPGPP_LT/Models/Structures/rpgpp_lt_building_02.fbx
  artifactKey: Guid(3ad660daf3a1e02458b9f3eca418861a) Importer(815301076,1909f56bfc062723c751e8b465ee728b)
Start importing Assets/EnvironmentAsset/RPGPP_LT/Models/Structures/rpgpp_lt_building_02.fbx using Guid(3ad660daf3a1e02458b9f3eca418861a) Importer(815301076,1909f56bfc062723c751e8b465ee728b)  -> (artifact id: '2825ea31b6b21168e5bd00eafca39950') in 0.054085 seconds 
========================================================================
Received Import Request.
  Time since last request: 0.000164 seconds.
  path: Assets/EnvironmentAsset/RPGPP_LT/Models/Structures/rpgpp_lt_building_05.fbx
  artifactKey: Guid(7d1c542ac0453aa40a248ffb042193c2) Importer(815301076,1909f56bfc062723c751e8b465ee728b)
Start importing Assets/EnvironmentAsset/RPGPP_LT/Models/Structures/rpgpp_lt_building_05.fbx using Guid(7d1c542ac0453aa40a248ffb042193c2) Importer(815301076,1909f56bfc062723c751e8b465ee728b)  -> (artifact id: '72fc6c82d5d7a9b19691801accaeba0e') in 0.044351 seconds 
========================================================================
Received Import Request.
  Time since last request: 1.711527 seconds.
  path: Assets/EnvironmentAsset/RPGPP_LT/Models/Props
  artifactKey: Guid(c4780675555bd284c889294acc0f87d6) Importer(815301076,1909f56bfc062723c751e8b465ee728b)
Start importing Assets/EnvironmentAsset/RPGPP_LT/Models/Props using Guid(c4780675555bd284c889294acc0f87d6) Importer(815301076,1909f56bfc062723c751e8b465ee728b)  -> (artifact id: '146bd7f2635df0424254fca8c1357cb8') in 0.011962 seconds 
========================================================================
Received Import Request.
  Time since last request: 0.056229 seconds.
  path: Assets/EnvironmentAsset/RPGPP_LT/Models/Props/rpgpp_lt_banner_01a.fbx
  artifactKey: Guid(d7113c6e2a0f65c4abdb33666078052f) Importer(815301076,1909f56bfc062723c751e8b465ee728b)
Start importing Assets/EnvironmentAsset/RPGPP_LT/Models/Props/rpgpp_lt_banner_01a.fbx using Guid(d7113c6e2a0f65c4abdb33666078052f) Importer(815301076,1909f56bfc062723c751e8b465ee728b)  -> (artifact id: '7ad2f7e0085e11b1dfafba89cc4ab728') in 0.031497 seconds 
========================================================================
Received Import Request.
  Time since last request: 0.000036 seconds.
  path: Assets/EnvironmentAsset/RPGPP_LT/Models/Props/rpgpp_lt_barrel_01.fbx
  artifactKey: Guid(caf770415cf8b3745b977df80c57628b) Importer(815301076,1909f56bfc062723c751e8b465ee728b)
Start importing Assets/EnvironmentAsset/RPGPP_LT/Models/Props/rpgpp_lt_barrel_01.fbx using Guid(caf770415cf8b3745b977df80c57628b) Importer(815301076,1909f56bfc062723c751e8b465ee728b)  -> (artifact id: 'ade20b18b551c0e7b48655cfdcbf8442') in 0.053025 seconds 
========================================================================
Received Import Request.
  Time since last request: 0.000038 seconds.
  path: Assets/EnvironmentAsset/RPGPP_LT/Models/Props/rpgpp_lt_bowl_metal_01.fbx
  artifactKey: Guid(09cc238bd856b5d468789a6d2d0f48ed) Importer(815301076,1909f56bfc062723c751e8b465ee728b)
Start importing Assets/EnvironmentAsset/RPGPP_LT/Models/Props/rpgpp_lt_bowl_metal_01.fbx using Guid(09cc238bd856b5d468789a6d2d0f48ed) Importer(815301076,1909f56bfc062723c751e8b465ee728b)  -> (artifact id: '70129376b876bd067b5a75a315c038d0') in 0.049064 seconds 
========================================================================
Received Import Request.
  Time since last request: 0.000237 seconds.
  path: Assets/EnvironmentAsset/RPGPP_LT/Models/Props/rpgpp_lt_ladder_01.fbx
  artifactKey: Guid(5a5a8e9d7228e204a91c0fb79c12479b) Importer(815301076,1909f56bfc062723c751e8b465ee728b)
Start importing Assets/EnvironmentAsset/RPGPP_LT/Models/Props/rpgpp_lt_ladder_01.fbx using Guid(5a5a8e9d7228e204a91c0fb79c12479b) Importer(815301076,1909f56bfc062723c751e8b465ee728b)  -> (artifact id: '204e4c7dec810212876251f0f27c7e5e') in 0.045159 seconds 
========================================================================
Received Import Request.
  Time since last request: 0.000032 seconds.
  path: Assets/EnvironmentAsset/RPGPP_LT/Models/Props/rpgpp_lt_well_01.fbx
  artifactKey: Guid(54708add4b909204cb861ed2bd2cfcdf) Importer(815301076,1909f56bfc062723c751e8b465ee728b)
Start importing Assets/EnvironmentAsset/RPGPP_LT/Models/Props/rpgpp_lt_well_01.fbx using Guid(54708add4b909204cb861ed2bd2cfcdf) Importer(815301076,1909f56bfc062723c751e8b465ee728b)  -> (artifact id: '7e4e24ca535c52c8fa01a366f8f54218') in 0.045862 seconds 
========================================================================
Received Import Request.
  Time since last request: 0.000053 seconds.
  path: Assets/EnvironmentAsset/RPGPP_LT/Models/Props/rpgpp_lt_banner_01b.fbx
  artifactKey: Guid(dc3de67326229ab459a1320acc34b8ea) Importer(815301076,1909f56bfc062723c751e8b465ee728b)
Start importing Assets/EnvironmentAsset/RPGPP_LT/Models/Props/rpgpp_lt_banner_01b.fbx using Guid(dc3de67326229ab459a1320acc34b8ea) Importer(815301076,1909f56bfc062723c751e8b465ee728b)  -> (artifact id: 'da4a7e9a3537abef43459f8a0c5b91cd') in 0.063421 seconds 
========================================================================
Received Import Request.
  Time since last request: 0.000044 seconds.
  path: Assets/EnvironmentAsset/RPGPP_LT/Models/Props/rpgpp_lt_shield_wall_01b.fbx
  artifactKey: Guid(ea48d15a3d30c4943927bc8edcd3ff96) Importer(815301076,1909f56bfc062723c751e8b465ee728b)
Start importing Assets/EnvironmentAsset/RPGPP_LT/Models/Props/rpgpp_lt_shield_wall_01b.fbx using Guid(ea48d15a3d30c4943927bc8edcd3ff96) Importer(815301076,1909f56bfc062723c751e8b465ee728b)  -> (artifact id: '18c4a99ad7617f578feb4ea6a5a133d9') in 0.045572 seconds 
========================================================================
Received Import Request.
  Time since last request: 0.000041 seconds.
  path: Assets/EnvironmentAsset/RPGPP_LT/Models/Props/rpgpp_lt_vase_01.fbx
  artifactKey: Guid(9bd069d17b875254f9fc1eeccdd647b4) Importer(815301076,1909f56bfc062723c751e8b465ee728b)
Start importing Assets/EnvironmentAsset/RPGPP_LT/Models/Props/rpgpp_lt_vase_01.fbx using Guid(9bd069d17b875254f9fc1eeccdd647b4) Importer(815301076,1909f56bfc062723c751e8b465ee728b)  -> (artifact id: '4d36a2579d82c38ae49998f6bb27dade') in 0.047394 seconds 
========================================================================
Received Import Request.
  Time since last request: 0.000027 seconds.
  path: Assets/EnvironmentAsset/RPGPP_LT/Models/Props/rpgpp_lt_log_wood_01.fbx
  artifactKey: Guid(83ca3216726525148a325296526fcfa7) Importer(815301076,1909f56bfc062723c751e8b465ee728b)
Start importing Assets/EnvironmentAsset/RPGPP_LT/Models/Props/rpgpp_lt_log_wood_01.fbx using Guid(83ca3216726525148a325296526fcfa7) Importer(815301076,1909f56bfc062723c751e8b465ee728b)  -> (artifact id: '65a729ec910d335602cf87c5900bd9a1') in 0.063560 seconds 
========================================================================
Received Import Request.
  Time since last request: 0.000043 seconds.
  path: Assets/EnvironmentAsset/RPGPP_LT/Models/Props/rpgpp_lt_chair_01a.fbx
  artifactKey: Guid(c7acbad2649a15647a7a4dfd8cceb5ac) Importer(815301076,1909f56bfc062723c751e8b465ee728b)
Start importing Assets/EnvironmentAsset/RPGPP_LT/Models/Props/rpgpp_lt_chair_01a.fbx using Guid(c7acbad2649a15647a7a4dfd8cceb5ac) Importer(815301076,1909f56bfc062723c751e8b465ee728b)  -> (artifact id: '8ae03ce3d5a449cfcb67b3885a3d7ec7') in 0.047624 seconds 
========================================================================
Received Import Request.
  Time since last request: 0.000053 seconds.
  path: Assets/EnvironmentAsset/RPGPP_LT/Models/Props/rpgpp_lt_bench_wood_01.fbx
  artifactKey: Guid(6bc5a23d8cb251f40b96a1fbf4ddb4fc) Importer(815301076,1909f56bfc062723c751e8b465ee728b)
Start importing Assets/EnvironmentAsset/RPGPP_LT/Models/Props/rpgpp_lt_bench_wood_01.fbx using Guid(6bc5a23d8cb251f40b96a1fbf4ddb4fc) Importer(815301076,1909f56bfc062723c751e8b465ee728b)  -> (artifact id: 'daa8cd483b2f9e91e3a46b7a7dd25eaf') in 0.044684 seconds 
========================================================================
Received Import Request.
  Time since last request: 0.000031 seconds.
  path: Assets/EnvironmentAsset/RPGPP_LT/Models/Props/rpgpp_lt_bird_house_01.fbx
  artifactKey: Guid(8edf1a08abb5cb342a2a608b289c1f91) Importer(815301076,1909f56bfc062723c751e8b465ee728b)
Start importing Assets/EnvironmentAsset/RPGPP_LT/Models/Props/rpgpp_lt_bird_house_01.fbx using Guid(8edf1a08abb5cb342a2a608b289c1f91) Importer(815301076,1909f56bfc062723c751e8b465ee728b)  -> (artifact id: '722ff73a7a44ce952a4774b86458f94a') in 0.047165 seconds 
========================================================================
Received Import Request.
  Time since last request: 0.000026 seconds.
  path: Assets/EnvironmentAsset/RPGPP_LT/Models/Props/rpgpp_lt_trough_01.fbx
  artifactKey: Guid(8b3f67c33dd9e9c4ea594b19207b4fbe) Importer(815301076,1909f56bfc062723c751e8b465ee728b)
Start importing Assets/EnvironmentAsset/RPGPP_LT/Models/Props/rpgpp_lt_trough_01.fbx using Guid(8b3f67c33dd9e9c4ea594b19207b4fbe) Importer(815301076,1909f56bfc062723c751e8b465ee728b)  -> (artifact id: 'c1df53be94768d59ef64d678a1b71485') in 0.047094 seconds 
========================================================================
Received Import Request.
  Time since last request: 0.000027 seconds.
  path: Assets/EnvironmentAsset/RPGPP_LT/Models/Props/rpgpp_lt_wood_path_01b.fbx
  artifactKey: Guid(f867a2534aa85914d9e6b62f681cdf69) Importer(815301076,1909f56bfc062723c751e8b465ee728b)
Start importing Assets/EnvironmentAsset/RPGPP_LT/Models/Props/rpgpp_lt_wood_path_01b.fbx using Guid(f867a2534aa85914d9e6b62f681cdf69) Importer(815301076,1909f56bfc062723c751e8b465ee728b)  -> (artifact id: '709f7e9689fa6840d85339c800ed5071') in 0.058460 seconds 
========================================================================
Received Import Request.
  Time since last request: 0.000046 seconds.
  path: Assets/EnvironmentAsset/RPGPP_LT/Models/Props/rpgpp_lt_table_01.fbx
  artifactKey: Guid(16c4b1c9bf28bc44eab122106a0e4864) Importer(815301076,1909f56bfc062723c751e8b465ee728b)
Start importing Assets/EnvironmentAsset/RPGPP_LT/Models/Props/rpgpp_lt_table_01.fbx using Guid(16c4b1c9bf28bc44eab122106a0e4864) Importer(815301076,1909f56bfc062723c751e8b465ee728b)  -> (artifact id: 'a9ec64112f892d9446b371fbfb57cab3') in 0.065006 seconds 
========================================================================
Received Import Request.
  Time since last request: 0.000037 seconds.
  path: Assets/EnvironmentAsset/RPGPP_LT/Models/Props/rpgpp_lt_box_wood_01.fbx
  artifactKey: Guid(ab945ff7c1d59bb4a8b506cb8c7dafcd) Importer(815301076,1909f56bfc062723c751e8b465ee728b)
Start importing Assets/EnvironmentAsset/RPGPP_LT/Models/Props/rpgpp_lt_box_wood_01.fbx using Guid(ab945ff7c1d59bb4a8b506cb8c7dafcd) Importer(815301076,1909f56bfc062723c751e8b465ee728b)  -> (artifact id: '0cd3c0620b2b1eaabe1b6eddfe4da55b') in 0.063735 seconds 
========================================================================
Received Import Request.
  Time since last request: 0.000027 seconds.
  path: Assets/EnvironmentAsset/RPGPP_LT/Models/Props/rpgpp_lt_hanger_wood_01.fbx
  artifactKey: Guid(dc53ddfef4a2d414f83c0332e80bfbb6) Importer(815301076,1909f56bfc062723c751e8b465ee728b)
Start importing Assets/EnvironmentAsset/RPGPP_LT/Models/Props/rpgpp_lt_hanger_wood_01.fbx using Guid(dc53ddfef4a2d414f83c0332e80bfbb6) Importer(815301076,1909f56bfc062723c751e8b465ee728b)  -> (artifact id: '476de1eccec1aa8be97023acf6ab6f87') in 0.044759 seconds 
========================================================================
Received Import Request.
  Time since last request: 0.000034 seconds.
  path: Assets/EnvironmentAsset/RPGPP_LT/Models/Props/rpgpp_lt_bathtub_wood_01.fbx
  artifactKey: Guid(1a8449922d22bae4791e0335226fa1aa) Importer(815301076,1909f56bfc062723c751e8b465ee728b)
Start importing Assets/EnvironmentAsset/RPGPP_LT/Models/Props/rpgpp_lt_bathtub_wood_01.fbx using Guid(1a8449922d22bae4791e0335226fa1aa) Importer(815301076,1909f56bfc062723c751e8b465ee728b)  -> (artifact id: '3a5b38840977f1be31e31f4899ecf00d') in 0.044844 seconds 
========================================================================
Received Import Request.
  Time since last request: 0.000049 seconds.
  path: Assets/EnvironmentAsset/RPGPP_LT/Models/Props/rpgpp_lt_sack_01.fbx
  artifactKey: Guid(8f07894e139232f4fb48b79133ad05fa) Importer(815301076,1909f56bfc062723c751e8b465ee728b)
Start importing Assets/EnvironmentAsset/RPGPP_LT/Models/Props/rpgpp_lt_sack_01.fbx using Guid(8f07894e139232f4fb48b79133ad05fa) Importer(815301076,1909f56bfc062723c751e8b465ee728b)  -> (artifact id: '4d2f36c70fc9d538bdf98aba8da790ca') in 0.042311 seconds 
========================================================================
Received Import Request.
  Time since last request: 0.000037 seconds.
  path: Assets/EnvironmentAsset/RPGPP_LT/Models/Props/rpgpp_lt_wagon_01.fbx
  artifactKey: Guid(f34a4e9b86005de4da2625205407868e) Importer(815301076,1909f56bfc062723c751e8b465ee728b)
Start importing Assets/EnvironmentAsset/RPGPP_LT/Models/Props/rpgpp_lt_wagon_01.fbx using Guid(f34a4e9b86005de4da2625205407868e) Importer(815301076,1909f56bfc062723c751e8b465ee728b)  -> (artifact id: 'd0a476e0cfc8f44e54b1dc82f7175eb4') in 0.045715 seconds 
========================================================================
Received Import Request.
  Time since last request: 0.000041 seconds.
  path: Assets/EnvironmentAsset/RPGPP_LT/Models/Props/rpgpp_lt_bucket_01.fbx
  artifactKey: Guid(e978333221b12f44ba9099ca8d181f25) Importer(815301076,1909f56bfc062723c751e8b465ee728b)
Start importing Assets/EnvironmentAsset/RPGPP_LT/Models/Props/rpgpp_lt_bucket_01.fbx using Guid(e978333221b12f44ba9099ca8d181f25) Importer(815301076,1909f56bfc062723c751e8b465ee728b)  -> (artifact id: '76b48d36be8bf83e227a5bfac3bf79b3') in 0.061243 seconds 
========================================================================
Received Import Request.
  Time since last request: 0.000037 seconds.
  path: Assets/EnvironmentAsset/RPGPP_LT/Models/Props/rpgpp_lt_jug_01.fbx
  artifactKey: Guid(d68abfcba378a4f46847fa7f406b6ba6) Importer(815301076,1909f56bfc062723c751e8b465ee728b)
Start importing Assets/EnvironmentAsset/RPGPP_LT/Models/Props/rpgpp_lt_jug_01.fbx using Guid(d68abfcba378a4f46847fa7f406b6ba6) Importer(815301076,1909f56bfc062723c751e8b465ee728b)  -> (artifact id: '9a9f8386c423de4272e9d405fd8b8931') in 0.045600 seconds 
========================================================================
Received Import Request.
  Time since last request: 0.000035 seconds.
  path: Assets/EnvironmentAsset/RPGPP_LT/Models/Props/rpgpp_lt_sack_open_01.fbx
  artifactKey: Guid(1716e599fb056014ca8f5786b3a82fcf) Importer(815301076,1909f56bfc062723c751e8b465ee728b)
Start importing Assets/EnvironmentAsset/RPGPP_LT/Models/Props/rpgpp_lt_sack_open_01.fbx using Guid(1716e599fb056014ca8f5786b3a82fcf) Importer(815301076,1909f56bfc062723c751e8b465ee728b)  -> (artifact id: 'd3623fa8a3cbfb8ae3edd4f2d4676734') in 0.043890 seconds 
========================================================================
Received Import Request.
  Time since last request: 0.000122 seconds.
  path: Assets/EnvironmentAsset/RPGPP_LT/Models/Props/rpgpp_lt_hanger_clothes_01.fbx
  artifactKey: Guid(30c389f0d35cc414d9e841ff82ce1424) Importer(815301076,1909f56bfc062723c751e8b465ee728b)
Start importing Assets/EnvironmentAsset/RPGPP_LT/Models/Props/rpgpp_lt_hanger_clothes_01.fbx using Guid(30c389f0d35cc414d9e841ff82ce1424) Importer(815301076,1909f56bfc062723c751e8b465ee728b)  -> (artifact id: 'cb284438dde71b1cbd00a59be3e9b2ee') in 0.043366 seconds 
========================================================================
Received Import Request.
  Time since last request: 0.000046 seconds.
  path: Assets/EnvironmentAsset/RPGPP_LT/Models/Props/rpgpp_lt_package_01.fbx
  artifactKey: Guid(4a9eb490516647a4d8765165bfb9cf47) Importer(815301076,1909f56bfc062723c751e8b465ee728b)
Start importing Assets/EnvironmentAsset/RPGPP_LT/Models/Props/rpgpp_lt_package_01.fbx using Guid(4a9eb490516647a4d8765165bfb9cf47) Importer(815301076,1909f56bfc062723c751e8b465ee728b)  -> (artifact id: '51f975798dcb98eb71206fc20a4a8878') in 0.041762 seconds 
========================================================================
Received Import Request.
  Time since last request: 0.000040 seconds.
  path: Assets/EnvironmentAsset/RPGPP_LT/Models/Props/rpgpp_lt_rake_01.fbx
  artifactKey: Guid(7deee4ad3618a17429fa704cea48558c) Importer(815301076,1909f56bfc062723c751e8b465ee728b)
Start importing Assets/EnvironmentAsset/RPGPP_LT/Models/Props/rpgpp_lt_rake_01.fbx using Guid(7deee4ad3618a17429fa704cea48558c) Importer(815301076,1909f56bfc062723c751e8b465ee728b)  -> (artifact id: '77cffe5100308b7a04a46412f90eb2e6') in 0.043369 seconds 
========================================================================
Received Import Request.
  Time since last request: 0.000043 seconds.
  path: Assets/EnvironmentAsset/RPGPP_LT/Models/Props/rpgpp_lt_vase_02.fbx
  artifactKey: Guid(65a171ea06543b04fa7aa086cd66702d) Importer(815301076,1909f56bfc062723c751e8b465ee728b)
Start importing Assets/EnvironmentAsset/RPGPP_LT/Models/Props/rpgpp_lt_vase_02.fbx using Guid(65a171ea06543b04fa7aa086cd66702d) Importer(815301076,1909f56bfc062723c751e8b465ee728b)  -> (artifact id: '51bfc1b679ec9d002f01f907b321450a') in 0.044357 seconds 
========================================================================
Received Import Request.
  Time since last request: 0.000032 seconds.
  path: Assets/EnvironmentAsset/RPGPP_LT/Models/Props/rpgpp_lt_broom_01.fbx
  artifactKey: Guid(752014a26efd03145b74d57634ef9245) Importer(815301076,1909f56bfc062723c751e8b465ee728b)
Start importing Assets/EnvironmentAsset/RPGPP_LT/Models/Props/rpgpp_lt_broom_01.fbx using Guid(752014a26efd03145b74d57634ef9245) Importer(815301076,1909f56bfc062723c751e8b465ee728b)  -> (artifact id: 'caf418b3f87989ef59c7d2cd13068de2') in 0.059153 seconds 
========================================================================
Received Import Request.
  Time since last request: 0.000026 seconds.
  path: Assets/EnvironmentAsset/RPGPP_LT/Models/Props/rpgpp_lt_chair_01b.fbx
  artifactKey: Guid(c23d7dd34e2d29a42bf0998f5f20de59) Importer(815301076,1909f56bfc062723c751e8b465ee728b)
Start importing Assets/EnvironmentAsset/RPGPP_LT/Models/Props/rpgpp_lt_chair_01b.fbx using Guid(c23d7dd34e2d29a42bf0998f5f20de59) Importer(815301076,1909f56bfc062723c751e8b465ee728b)  -> (artifact id: 'c864770ecb8e10a4c8d4aed695465fd3') in 0.046261 seconds 
========================================================================
Received Import Request.
  Time since last request: 0.000043 seconds.
  path: Assets/EnvironmentAsset/RPGPP_LT/Models/Props/rpgpp_lt_shield_wall_01a.fbx
  artifactKey: Guid(6db1e633533718d49bd0b8329bc37412) Importer(815301076,1909f56bfc062723c751e8b465ee728b)
Start importing Assets/EnvironmentAsset/RPGPP_LT/Models/Props/rpgpp_lt_shield_wall_01a.fbx using Guid(6db1e633533718d49bd0b8329bc37412) Importer(815301076,1909f56bfc062723c751e8b465ee728b)  -> (artifact id: '36e4c932ea0d37827228ff17f2e8e268') in 0.051482 seconds 
========================================================================
Received Import Request.
  Time since last request: 0.000050 seconds.
  path: Assets/EnvironmentAsset/RPGPP_LT/Models/Props/rpgpp_lt_wood_path_01a.fbx
  artifactKey: Guid(d4d6eed92fb93e948b95c2fc4d1f6f8d) Importer(815301076,1909f56bfc062723c751e8b465ee728b)
Start importing Assets/EnvironmentAsset/RPGPP_LT/Models/Props/rpgpp_lt_wood_path_01a.fbx using Guid(d4d6eed92fb93e948b95c2fc4d1f6f8d) Importer(815301076,1909f56bfc062723c751e8b465ee728b)  -> (artifact id: '1c0c605ef6c00f2f2ed4630502cb7941') in 0.042770 seconds 
========================================================================
Received Import Request.
  Time since last request: 0.964771 seconds.
  path: Assets/EnvironmentAsset/RPGPP_LT/Models/Nature
  artifactKey: Guid(0411daae2008b22408fa9a2285a99184) Importer(815301076,1909f56bfc062723c751e8b465ee728b)
Start importing Assets/EnvironmentAsset/RPGPP_LT/Models/Nature using Guid(0411daae2008b22408fa9a2285a99184) Importer(815301076,1909f56bfc062723c751e8b465ee728b)  -> (artifact id: '8c9963a4ef51556ab7feaad00a512031') in 0.014829 seconds 
========================================================================
Received Import Request.
  Time since last request: 0.029821 seconds.
  path: Assets/EnvironmentAsset/RPGPP_LT/Models/Nature/rpgpp_lt_bush_01.fbx
  artifactKey: Guid(d28a5d39d87b52c49824501fac8b689c) Importer(815301076,1909f56bfc062723c751e8b465ee728b)
Start importing Assets/EnvironmentAsset/RPGPP_LT/Models/Nature/rpgpp_lt_bush_01.fbx using Guid(d28a5d39d87b52c49824501fac8b689c) Importer(815301076,1909f56bfc062723c751e8b465ee728b)  -> (artifact id: '870be0b15ca334fb17ed8ffa8c3f85bd') in 0.030756 seconds 
========================================================================
Received Import Request.
  Time since last request: 0.000031 seconds.
  path: Assets/EnvironmentAsset/RPGPP_LT/Models/Nature/rpgpp_lt_flower_01.fbx
  artifactKey: Guid(7d350a824190e0647822f95e9f7bbc97) Importer(815301076,1909f56bfc062723c751e8b465ee728b)
Start importing Assets/EnvironmentAsset/RPGPP_LT/Models/Nature/rpgpp_lt_flower_01.fbx using Guid(7d350a824190e0647822f95e9f7bbc97) Importer(815301076,1909f56bfc062723c751e8b465ee728b)  -> (artifact id: '4650a24a2efc71a6783a636967451cfc') in 0.043910 seconds 
========================================================================
Received Import Request.
  Time since last request: 0.000044 seconds.
  path: Assets/EnvironmentAsset/RPGPP_LT/Models/Nature/rpgpp_lt_cloud_02.fbx
  artifactKey: Guid(4432020e36e26f946a400515834f11b7) Importer(815301076,1909f56bfc062723c751e8b465ee728b)
Start importing Assets/EnvironmentAsset/RPGPP_LT/Models/Nature/rpgpp_lt_cloud_02.fbx using Guid(4432020e36e26f946a400515834f11b7) Importer(815301076,1909f56bfc062723c751e8b465ee728b)  -> (artifact id: '3e008b8608b6376b31ef1961bc7d1f0e') in 0.041914 seconds 
========================================================================
Received Import Request.
  Time since last request: 0.000040 seconds.
  path: Assets/EnvironmentAsset/RPGPP_LT/Models/Nature/rpgpp_lt_grass_small_01b.fbx
  artifactKey: Guid(60f048e3ccfd7d0498e095661396963b) Importer(815301076,1909f56bfc062723c751e8b465ee728b)
Start importing Assets/EnvironmentAsset/RPGPP_LT/Models/Nature/rpgpp_lt_grass_small_01b.fbx using Guid(60f048e3ccfd7d0498e095661396963b) Importer(815301076,1909f56bfc062723c751e8b465ee728b)  -> (artifact id: '013685a8b68cdb353efe107bd6013f84') in 0.051987 seconds 
========================================================================
Received Import Request.
  Time since last request: 0.000039 seconds.
  path: Assets/EnvironmentAsset/RPGPP_LT/Models/Nature/rpgpp_lt_plant_02.fbx
  artifactKey: Guid(2ef20853860a4694c9c08c312d121b56) Importer(815301076,1909f56bfc062723c751e8b465ee728b)
Start importing Assets/EnvironmentAsset/RPGPP_LT/Models/Nature/rpgpp_lt_plant_02.fbx using Guid(2ef20853860a4694c9c08c312d121b56) Importer(815301076,1909f56bfc062723c751e8b465ee728b)  -> (artifact id: '9a8b10335147b5b9d582e9d144d89d1d') in 0.045485 seconds 
========================================================================
Received Import Request.
  Time since last request: 0.000039 seconds.
  path: Assets/EnvironmentAsset/RPGPP_LT/Models/Nature/rpgpp_lt_terrain_grass_02.fbx
  artifactKey: Guid(a90ec1b8be596134b912428bfce1f226) Importer(815301076,1909f56bfc062723c751e8b465ee728b)
Start importing Assets/EnvironmentAsset/RPGPP_LT/Models/Nature/rpgpp_lt_terrain_grass_02.fbx using Guid(a90ec1b8be596134b912428bfce1f226) Importer(815301076,1909f56bfc062723c751e8b465ee728b)  -> (artifact id: '63baea237a608e1b398365cb3386bae5') in 0.042403 seconds 
========================================================================
Received Import Request.
  Time since last request: 0.000034 seconds.
  path: Assets/EnvironmentAsset/RPGPP_LT/Models/Nature/rpgpp_lt_terrain_grass_01.fbx
  artifactKey: Guid(264414c28ea0fbb41b924fd17d9228b3) Importer(815301076,1909f56bfc062723c751e8b465ee728b)
Start importing Assets/EnvironmentAsset/RPGPP_LT/Models/Nature/rpgpp_lt_terrain_grass_01.fbx using Guid(264414c28ea0fbb41b924fd17d9228b3) Importer(815301076,1909f56bfc062723c751e8b465ee728b)  -> (artifact id: '846ce926f3e3affd1268b4e5f52b80b6') in 0.040245 seconds 
========================================================================
Received Import Request.
  Time since last request: 0.000029 seconds.
  path: Assets/EnvironmentAsset/RPGPP_LT/Models/Nature/rpgpp_lt_mountain_01.fbx
  artifactKey: Guid(9d123ff5b15c0bd4fbd33779e2acdbd9) Importer(815301076,1909f56bfc062723c751e8b465ee728b)
Start importing Assets/EnvironmentAsset/RPGPP_LT/Models/Nature/rpgpp_lt_mountain_01.fbx using Guid(9d123ff5b15c0bd4fbd33779e2acdbd9) Importer(815301076,1909f56bfc062723c751e8b465ee728b)  -> (artifact id: '0a74852bcb24756b75b144194e6c69c5') in 0.041007 seconds 
========================================================================
Received Import Request.
  Time since last request: 0.000027 seconds.
  path: Assets/EnvironmentAsset/RPGPP_LT/Models/Nature/rpgpp_lt_hill_small_02.fbx
  artifactKey: Guid(87dc0b67e5fe70f40a31e17b0c0058b4) Importer(815301076,1909f56bfc062723c751e8b465ee728b)
Start importing Assets/EnvironmentAsset/RPGPP_LT/Models/Nature/rpgpp_lt_hill_small_02.fbx using Guid(87dc0b67e5fe70f40a31e17b0c0058b4) Importer(815301076,1909f56bfc062723c751e8b465ee728b)  -> (artifact id: '49ac329f67c497d17a6913bb66eb258c') in 0.045505 seconds 
========================================================================
Received Import Request.
  Time since last request: 0.000042 seconds.
  path: Assets/EnvironmentAsset/RPGPP_LT/Models/Nature/rpgpp_lt_plant_01.fbx
  artifactKey: Guid(82188904581423c4a9ed3fbf3286ccdd) Importer(815301076,1909f56bfc062723c751e8b465ee728b)
Start importing Assets/EnvironmentAsset/RPGPP_LT/Models/Nature/rpgpp_lt_plant_01.fbx using Guid(82188904581423c4a9ed3fbf3286ccdd) Importer(815301076,1909f56bfc062723c751e8b465ee728b)  -> (artifact id: 'd84bffacebb3d3e4437906dea91714a1') in 0.043910 seconds 
========================================================================
Received Import Request.
  Time since last request: 0.000064 seconds.
  path: Assets/EnvironmentAsset/RPGPP_LT/Models/Nature/rpgpp_lt_tree_01.fbx
  artifactKey: Guid(15977c94193725642b83e5c7be73b2e8) Importer(815301076,1909f56bfc062723c751e8b465ee728b)
Start importing Assets/EnvironmentAsset/RPGPP_LT/Models/Nature/rpgpp_lt_tree_01.fbx using Guid(15977c94193725642b83e5c7be73b2e8) Importer(815301076,1909f56bfc062723c751e8b465ee728b)  -> (artifact id: '0e6f84f61b591b85baa842ee0999a6ba') in 0.044328 seconds 
========================================================================
Received Import Request.
  Time since last request: 0.000043 seconds.
  path: Assets/EnvironmentAsset/RPGPP_LT/Models/Nature/rpgpp_lt_rock_small_01.fbx
  artifactKey: Guid(274fdec0feeaa784f96a62f99c4be287) Importer(815301076,1909f56bfc062723c751e8b465ee728b)
Start importing Assets/EnvironmentAsset/RPGPP_LT/Models/Nature/rpgpp_lt_rock_small_01.fbx using Guid(274fdec0feeaa784f96a62f99c4be287) Importer(815301076,1909f56bfc062723c751e8b465ee728b)  -> (artifact id: '217a21b9b8f8a7461eae9d5e3073620c') in 0.057949 seconds 
========================================================================
Received Import Request.
  Time since last request: 0.000037 seconds.
  path: Assets/EnvironmentAsset/RPGPP_LT/Models/Nature/rpgpp_lt_rock_02.fbx
  artifactKey: Guid(d1fd41beb70267947bc1c996df07593d) Importer(815301076,1909f56bfc062723c751e8b465ee728b)
Start importing Assets/EnvironmentAsset/RPGPP_LT/Models/Nature/rpgpp_lt_rock_02.fbx using Guid(d1fd41beb70267947bc1c996df07593d) Importer(815301076,1909f56bfc062723c751e8b465ee728b)  -> (artifact id: 'b7dc89db1d6fa700d2e059d97c49219f') in 0.047802 seconds 
========================================================================
Received Import Request.
  Time since last request: 0.000042 seconds.
  path: Assets/EnvironmentAsset/RPGPP_LT/Models/Nature/rpgpp_lt_cloud_01.fbx
  artifactKey: Guid(b36c73269c1668c4bbfb76bf41a74b15) Importer(815301076,1909f56bfc062723c751e8b465ee728b)
Start importing Assets/EnvironmentAsset/RPGPP_LT/Models/Nature/rpgpp_lt_cloud_01.fbx using Guid(b36c73269c1668c4bbfb76bf41a74b15) Importer(815301076,1909f56bfc062723c751e8b465ee728b)  -> (artifact id: '28f8948c083a1f93edb55a48c246c754') in 0.047234 seconds 
========================================================================
Received Import Request.
  Time since last request: 0.000033 seconds.
  path: Assets/EnvironmentAsset/RPGPP_LT/Models/Nature/rpgpp_lt_tree_02.fbx
  artifactKey: Guid(7dca68918011bd644a4dc268eea79b44) Importer(815301076,1909f56bfc062723c751e8b465ee728b)
Start importing Assets/EnvironmentAsset/RPGPP_LT/Models/Nature/rpgpp_lt_tree_02.fbx using Guid(7dca68918011bd644a4dc268eea79b44) Importer(815301076,1909f56bfc062723c751e8b465ee728b)  -> (artifact id: '75dfdef16bc4a5efe6ea4d492ae8f589') in 0.044922 seconds 
========================================================================
Received Import Request.
  Time since last request: 0.000037 seconds.
  path: Assets/EnvironmentAsset/RPGPP_LT/Models/Nature/rpgpp_lt_sky_01.fbx
  artifactKey: Guid(092e8eab260eaf84e890e2e5dbc513b1) Importer(815301076,1909f56bfc062723c751e8b465ee728b)
Start importing Assets/EnvironmentAsset/RPGPP_LT/Models/Nature/rpgpp_lt_sky_01.fbx using Guid(092e8eab260eaf84e890e2e5dbc513b1) Importer(815301076,1909f56bfc062723c751e8b465ee728b)  -> (artifact id: 'dcf025c50f44c53ec44395d923488a26') in 0.056626 seconds 
========================================================================
Received Import Request.
  Time since last request: 0.000068 seconds.
  path: Assets/EnvironmentAsset/RPGPP_LT/Models/Nature/rpgpp_lt_bush_02.fbx
  artifactKey: Guid(d4997bb047d8fbb458f4d63b2322ebdc) Importer(815301076,1909f56bfc062723c751e8b465ee728b)
Start importing Assets/EnvironmentAsset/RPGPP_LT/Models/Nature/rpgpp_lt_bush_02.fbx using Guid(d4997bb047d8fbb458f4d63b2322ebdc) Importer(815301076,1909f56bfc062723c751e8b465ee728b)  -> (artifact id: '4bea57ceb9d6a92a65c2f1af997bdcd3') in 0.049088 seconds 
========================================================================
Received Import Request.
  Time since last request: 0.000039 seconds.
  path: Assets/EnvironmentAsset/RPGPP_LT/Models/Nature/rpgpp_lt_terrain_sand_01.fbx
  artifactKey: Guid(b75a02a185084be49bc0ead09438de21) Importer(815301076,1909f56bfc062723c751e8b465ee728b)
Start importing Assets/EnvironmentAsset/RPGPP_LT/Models/Nature/rpgpp_lt_terrain_sand_01.fbx using Guid(b75a02a185084be49bc0ead09438de21) Importer(815301076,1909f56bfc062723c751e8b465ee728b)  -> (artifact id: '395e4668b19ef0eac4fd16d16bd3fd07') in 0.042822 seconds 
========================================================================
Received Import Request.
  Time since last request: 0.000038 seconds.
  path: Assets/EnvironmentAsset/RPGPP_LT/Models/Nature/rpgpp_lt_flower_02.fbx
  artifactKey: Guid(7710c12951e94d24eb1b65f105f6823e) Importer(815301076,1909f56bfc062723c751e8b465ee728b)
Start importing Assets/EnvironmentAsset/RPGPP_LT/Models/Nature/rpgpp_lt_flower_02.fbx using Guid(7710c12951e94d24eb1b65f105f6823e) Importer(815301076,1909f56bfc062723c751e8b465ee728b)  -> (artifact id: 'ce7af7c260a8ef5895322d460bc6ad74') in 0.060373 seconds 
========================================================================
Received Import Request.
  Time since last request: 0.000036 seconds.
  path: Assets/EnvironmentAsset/RPGPP_LT/Models/Nature/rpgpp_lt_rock_01.fbx
  artifactKey: Guid(305f277e1529222439b495a441de2f0b) Importer(815301076,1909f56bfc062723c751e8b465ee728b)
Start importing Assets/EnvironmentAsset/RPGPP_LT/Models/Nature/rpgpp_lt_rock_01.fbx using Guid(305f277e1529222439b495a441de2f0b) Importer(815301076,1909f56bfc062723c751e8b465ee728b)  -> (artifact id: '902c8536c19ffb122da376123ad6afdd') in 0.050741 seconds 
========================================================================
Received Import Request.
  Time since last request: 0.000055 seconds.
  path: Assets/EnvironmentAsset/RPGPP_LT/Models/Nature/rpgpp_lt_flower_03.fbx
  artifactKey: Guid(f97780a5b4f3ed64ca0fe117ef736a11) Importer(815301076,1909f56bfc062723c751e8b465ee728b)
Start importing Assets/EnvironmentAsset/RPGPP_LT/Models/Nature/rpgpp_lt_flower_03.fbx using Guid(f97780a5b4f3ed64ca0fe117ef736a11) Importer(815301076,1909f56bfc062723c751e8b465ee728b)  -> (artifact id: '8246a6434d8554d157d145dc05f52a5b') in 0.044053 seconds 
========================================================================
Received Import Request.
  Time since last request: 0.000046 seconds.
  path: Assets/EnvironmentAsset/RPGPP_LT/Models/Nature/rpgpp_lt_rock_03.fbx
  artifactKey: Guid(455995b8866658b42b3da7b1cab18535) Importer(815301076,1909f56bfc062723c751e8b465ee728b)
Start importing Assets/EnvironmentAsset/RPGPP_LT/Models/Nature/rpgpp_lt_rock_03.fbx using Guid(455995b8866658b42b3da7b1cab18535) Importer(815301076,1909f56bfc062723c751e8b465ee728b)  -> (artifact id: '90c1693fefcaa7ac00a36c68d2949c8b') in 0.046585 seconds 
========================================================================
Received Import Request.
  Time since last request: 0.000027 seconds.
  path: Assets/EnvironmentAsset/RPGPP_LT/Models/Nature/rpgpp_lt_terrain_path_01a.fbx
  artifactKey: Guid(46a54c5b0997d8b47bf6519139a81b86) Importer(815301076,1909f56bfc062723c751e8b465ee728b)
Start importing Assets/EnvironmentAsset/RPGPP_LT/Models/Nature/rpgpp_lt_terrain_path_01a.fbx using Guid(46a54c5b0997d8b47bf6519139a81b86) Importer(815301076,1909f56bfc062723c751e8b465ee728b)  -> (artifact id: '486ebda938d374fbaf7f494babd86d9f') in 0.041860 seconds 
========================================================================
Received Import Request.
  Time since last request: 0.000028 seconds.
  path: Assets/EnvironmentAsset/RPGPP_LT/Models/Nature/rpgpp_lt_hill_small_01.fbx
  artifactKey: Guid(3602432658d7f1540978cbbd6875ad2d) Importer(815301076,1909f56bfc062723c751e8b465ee728b)
Start importing Assets/EnvironmentAsset/RPGPP_LT/Models/Nature/rpgpp_lt_hill_small_01.fbx using Guid(3602432658d7f1540978cbbd6875ad2d) Importer(815301076,1909f56bfc062723c751e8b465ee728b)  -> (artifact id: '59b5a5f40f5c6d527eacf069fd85d016') in 0.046458 seconds 
========================================================================
Received Import Request.
  Time since last request: 0.000046 seconds.
  path: Assets/EnvironmentAsset/RPGPP_LT/Models/Nature/rpgpp_lt_terrain_path_01b.fbx
  artifactKey: Guid(70fbff8150321794f8532fef4f4d7c98) Importer(815301076,1909f56bfc062723c751e8b465ee728b)
Start importing Assets/EnvironmentAsset/RPGPP_LT/Models/Nature/rpgpp_lt_terrain_path_01b.fbx using Guid(70fbff8150321794f8532fef4f4d7c98) Importer(815301076,1909f56bfc062723c751e8b465ee728b)  -> (artifact id: '28eedf06d67e832bec7e97410c028f5b') in 0.040097 seconds 
========================================================================
Received Import Request.
  Time since last request: 0.000043 seconds.
  path: Assets/EnvironmentAsset/RPGPP_LT/Models/Nature/rpgpp_lt_rocks_tiny_01.fbx
  artifactKey: Guid(2e716c43576f71b4aa87e6cb4ebeaeab) Importer(815301076,1909f56bfc062723c751e8b465ee728b)
Start importing Assets/EnvironmentAsset/RPGPP_LT/Models/Nature/rpgpp_lt_rocks_tiny_01.fbx using Guid(2e716c43576f71b4aa87e6cb4ebeaeab) Importer(815301076,1909f56bfc062723c751e8b465ee728b)  -> (artifact id: 'c52d77f7924099c173467c1a17444df3') in 0.058842 seconds 
========================================================================
Received Import Request.
  Time since last request: 0.000033 seconds.
  path: Assets/EnvironmentAsset/RPGPP_LT/Models/Nature/rpgpp_lt_tree_pine_01.fbx
  artifactKey: Guid(58c79ebc04f48c74fa4869c3f7d941fd) Importer(815301076,1909f56bfc062723c751e8b465ee728b)
Start importing Assets/EnvironmentAsset/RPGPP_LT/Models/Nature/rpgpp_lt_tree_pine_01.fbx using Guid(58c79ebc04f48c74fa4869c3f7d941fd) Importer(815301076,1909f56bfc062723c751e8b465ee728b)  -> (artifact id: '549ecd5af728e4c5165bc25bc912e317') in 0.045471 seconds 
========================================================================
Received Import Request.
  Time since last request: 0.000044 seconds.
  path: Assets/EnvironmentAsset/RPGPP_LT/Models/Nature/rpgpp_lt_grass_small_01a.fbx
  artifactKey: Guid(c191cc4231bc1a940986671275027664) Importer(815301076,1909f56bfc062723c751e8b465ee728b)
Start importing Assets/EnvironmentAsset/RPGPP_LT/Models/Nature/rpgpp_lt_grass_small_01a.fbx using Guid(c191cc4231bc1a940986671275027664) Importer(815301076,1909f56bfc062723c751e8b465ee728b)  -> (artifact id: '190feaa2cf47e21ffababacb70422704') in 0.055818 seconds 
========================================================================
Received Import Request.
  Time since last request: 0.000027 seconds.
  path: Assets/EnvironmentAsset/RPGPP_LT/Models/Nature/rpgpp_lt_rock_small_02.fbx
  artifactKey: Guid(7110966a22a1bd74c894def7bbb4b8cb) Importer(815301076,1909f56bfc062723c751e8b465ee728b)
Start importing Assets/EnvironmentAsset/RPGPP_LT/Models/Nature/rpgpp_lt_rock_small_02.fbx using Guid(7110966a22a1bd74c894def7bbb4b8cb) Importer(815301076,1909f56bfc062723c751e8b465ee728b)  -> (artifact id: '09e0185485b011721c13b9e137b19bc1') in 0.044369 seconds 
========================================================================
Received Import Request.
  Time since last request: 171.029750 seconds.
  path: Assets/Textures
  artifactKey: Guid(bd818190df0fc8c41915de5d6098e47a) Importer(815301076,1909f56bfc062723c751e8b465ee728b)
Start importing Assets/Textures using Guid(bd818190df0fc8c41915de5d6098e47a) Importer(815301076,1909f56bfc062723c751e8b465ee728b)  -> (artifact id: 'e28eb69da1702a821727ee0336a5689d') in 0.013327 seconds 
========================================================================
Received Import Request.
  Time since last request: 585.736372 seconds.
  path: Assets/EnvironmentAsset/RPGPP_LT/Scene
  artifactKey: Guid(807cf4ac218a00345b44c9bd6cc3bf99) Importer(815301076,1909f56bfc062723c751e8b465ee728b)
Start importing Assets/EnvironmentAsset/RPGPP_LT/Scene using Guid(807cf4ac218a00345b44c9bd6cc3bf99) Importer(815301076,1909f56bfc062723c751e8b465ee728b)  -> (artifact id: 'b74c28a16f76ecf83a6f03df265174c4') in 0.012498 seconds 
========================================================================
Received Import Request.
  Time since last request: 1.031483 seconds.
  path: Assets/EnvironmentAsset/RPGPP_LT/Scene/rpgpp_lt_scene_1.0Settings.lighting
  artifactKey: Guid(fd7429fe2de3a3e42807dc7a762d9255) Importer(815301076,1909f56bfc062723c751e8b465ee728b)
Start importing Assets/EnvironmentAsset/RPGPP_LT/Scene/rpgpp_lt_scene_1.0Settings.lighting using Guid(fd7429fe2de3a3e42807dc7a762d9255) Importer(815301076,1909f56bfc062723c751e8b465ee728b) LightingSettings: switching bake backend from 1 to 0.
 -> (artifact id: 'eb81b27e8c5e7da47f7fcd1c8a2ca621') in 0.013413 seconds 
========================================================================
Received Import Request.
  Time since last request: 2.659412 seconds.
  path: Assets/EnvironmentAsset/RPGPP_LT/Scene/rpgpp_lt_scene_1.0.unity
  artifactKey: Guid(d2809ab9b90eea7419d8d90d4c505d35) Importer(815301076,1909f56bfc062723c751e8b465ee728b)
Start importing Assets/EnvironmentAsset/RPGPP_LT/Scene/rpgpp_lt_scene_1.0.unity using Guid(d2809ab9b90eea7419d8d90d4c505d35) Importer(815301076,1909f56bfc062723c751e8b465ee728b)  -> (artifact id: '649922eee5638d26a36f9c0fbe9dc91d') in 0.017949 seconds 
========================================================================
Received Import Request.
  Time since last request: 211.344983 seconds.
  path: Assets/Prefabs/rpgpp_lt_terrain_path_01b (4).prefab
  artifactKey: Guid(f93b435f916279847a5b0a34001e32b1) Importer(815301076,1909f56bfc062723c751e8b465ee728b)
Start importing Assets/Prefabs/rpgpp_lt_terrain_path_01b (4).prefab using Guid(f93b435f916279847a5b0a34001e32b1) Importer(815301076,1909f56bfc062723c751e8b465ee728b)  -> (artifact id: 'e9b2dfd3142d2ed51e64133ec74be499') in 0.045410 seconds 
